<?xml version="1.0" encoding="UTF-8"?>
<!-- Generated by org.testng.reporters.JUnitXMLReporter -->
<testsuite hostname="admins-Mac-mini.local" name="Regression suite 1" tests="1" failures="1" timestamp="17 Jul 2018 16:42:27 GMT" time="21.788" errors="0">
  <testcase name="checkDropdownToggleBehavior" time="21.742" classname="testscripts.HomePage">
    <failure type="java.lang.AssertionError" message="The following asserts failed:
checkDropdownToggleBehavior Failed">
      <![CDATA[java.lang.AssertionError: The following asserts failed:
checkDropdownToggleBehavior Failed
	at testscripts.HomePage.checkDropdownToggleBehavior(HomePage.java:326)
... Removed 25 stack frames]]>
    </failure>
  </testcase> <!-- checkDropdownToggleBehavior -->
</testsuite> <!-- Regression suite 1 -->
